* Converting file /tmp/ibconsole/IBConsole.dpr *
Added defines -dBorland -dVer150 -dDelphi7 -dCompiler6_Up -dPUREPASCAL in custom options
Found all unit files
Replaced unit "Windows" with "LCLIntf, LCLType, LMessages" in uses section.
* Fixing used units for file /tmp/ibconsole/IBConsole.dpr *

*** Converting unit files belonging to project/package ***
* Converting file /tmp/ibconsole/frmuMain.pas *
Replaced unit "IBDatabase" with "sqldb" in uses section.
Removed unit "IBQuery" in uses section.
Removed unit "IBSQL" in uses section.
Removed unit "IBCustomDataSet" in uses section.
Replaced unit "Windows" with "LCLIntf, LCLType, LMessages" in uses section.
Removed unit "dbTables" in uses section.
Added Package ibexpress as a dependency.
* Converting file /tmp/ibconsole/frmuAbout.pas *
Changed encoding from ISO-8859-1 to UTF-8
Removed unit "jpeg" in uses section.
Replaced unit "WinProcs" with "LCLIntf, LCLType, LMessages" in uses section.
Removed unit "WinTypes" in uses section.
Removed unit "ShellApi" in uses section.
Replaced call ShellExecute (0, 'open', PChar((Sender as TStaticText).Caption), '', '', SW_SHOWNORMAL); with  OpenDocument(PChar((Sender as TStaticText).Caption)); { *Converted from ShellExecute* }
Replaced call FileExists(Path) with FileExistsUTF8(Path) { *Converted from FileExists* }
Added unit FileUtil to uses section
* Converting file /tmp/ibconsole/zluGlobal.pas *
Replaced unit "Windows" with "LCLIntf, LCLType, LMessages" in uses section.
* Converting file /tmp/ibconsole/frmuServerLogin.pas *
Fixed character case of unit "iberrorcodes" to "IBErrorCodes".
Replaced unit "Windows" with "LCLIntf, LCLType, LMessages" in uses section.
* Converting file /tmp/ibconsole/frmuUser.pas *
Replaced unit "Windows" with "LCLIntf, LCLType, LMessages" in uses section.
* Converting file /tmp/ibconsole/dmuMain.pas *
Fixed character case of unit "IBHEADER" to "IBHeader".
Fixed character case of unit "IBSql" to "IBSQL".
Replaced unit "DBTables" with "sqldb" in uses section.
Replaced unit "Windows" with "LCLIntf, LCLType, LMessages" in uses section.
* Converting file /tmp/ibconsole/frmuServerRegister.pas *
Replaced unit "Windows" with "LCLIntf, LCLType, LMessages" in uses section.
* Converting file /tmp/ibconsole/zluibcClasses.pas *
Replaced unit "WinProcs" with "LCLIntf, LCLType, LMessages" in uses section.
Removed unit "WinTypes" in uses section.
* Converting file /tmp/ibconsole/frmuDBRegister.pas *
Replaced unit "Windows" with "LCLIntf, LCLType, LMessages" in uses section.
* Converting file /tmp/ibconsole/frmuSplash.pas *
Removed unit "jpeg" in uses section.
Replaced unit "Windows" with "LCLIntf, LCLType, LMessages" in uses section.
* Converting file /tmp/ibconsole/frmuMessage.pas *
Fixed character case of unit "ibErrorCodes" to "IBErrorCodes".
Replaced unit "Windows" with "LCLIntf, LCLType, LMessages" in uses section.
* Converting file /tmp/ibconsole/zluUtility.pas *
Replaced unit "Windows" with "LCLIntf, LCLType, LMessages" in uses section.
Replaced call FileExists(lFileName) with FileExistsUTF8(lFileName) { *Converted from FileExists* }
Added unit FileUtil to uses section
Replaced call CreateDir(Directory) with CreateDirUTF8(Directory) { *Converted from CreateDir* }
Replaced call DirectoryExists(Directory) with DirectoryExistsUTF8(Directory) { *Converted from DirectoryExists* }
* Converting file /tmp/ibconsole/frmuDBConnect.pas *
Replaced unit "Windows" with "LCLIntf, LCLType, LMessages" in uses section.
* Converting file /tmp/ibconsole/frmuDBBackup.pas *
Replaced unit "Windows" with "LCLIntf, LCLType, LMessages" in uses section.
Replaced call FileExists(lSaveDialog.FileName) with FileExistsUTF8(lSaveDialog.FileName) { *Converted from FileExists* }
Added unit FileUtil to uses section
* Converting file /tmp/ibconsole/frmuServerProperties.pas *
Replaced unit "Windows" with "LCLIntf, LCLType, LMessages" in uses section.
* Converting file /tmp/ibconsole/frmuDBProperties.pas *
Replaced unit "Windows" with "LCLIntf, LCLType, LMessages" in uses section.
* Converting file /tmp/ibconsole/frmuBackupAliasProperties.pas *
Replaced unit "Windows" with "LCLIntf, LCLType, LMessages" in uses section.
* Converting file /tmp/ibconsole/frmuDBCreate.pas *
Replaced unit "Windows" with "LCLIntf, LCLType, LMessages" in uses section.
* Converting file /tmp/ibconsole/zluContextHelp.pas *
* Converting file /tmp/ibconsole/zluCommDiag.pas *
Replaced unit "Windows" with "LCLIntf, LCLType, LMessages" in uses section.
Replaced call CloseHandle(hPipe); with FileClose(hPipe); { *Converted from CloseHandle* }
Replaced call CreateFile(pPipe, GENERIC_READ or GENERIC_WRITE,			  FILE_SHARE_READ or FILE_SHARE_WRITE, @FSA,			  OPEN_EXISTING, FILE_ATTRIBUTE_NORMAL, 0); with FileCreate(pPipe); { *Converted from CreateFile* }
* Converting file /tmp/ibconsole/frmuCommDiag.pas *
Replaced unit "Windows" with "LCLIntf, LCLType, LMessages" in uses section.
* Converting file /tmp/ibconsole/frmuDBConnections.pas *
Replaced unit "Windows" with "LCLIntf, LCLType, LMessages" in uses section.
* Converting file /tmp/ibconsole/frmuDBShutdown.pas *
Replaced unit "Windows" with "LCLIntf, LCLType, LMessages" in uses section.
* Converting file /tmp/ibconsole/frmuDBStatistics.pas *
Replaced unit "Windows" with "LCLIntf, LCLType, LMessages" in uses section.
* Converting file /tmp/ibconsole/frmuDBValidationReport.pas *
Replaced unit "Windows" with "LCLIntf, LCLType, LMessages" in uses section.
* Converting file /tmp/ibconsole/frmuDBTransactions.pas *
Replaced unit "Windows" with "LCLIntf, LCLType, LMessages" in uses section.
* Converting file /tmp/ibconsole/frmuDBValidation.pas *
Replaced unit "Windows" with "LCLIntf, LCLType, LMessages" in uses section.
* Converting file /tmp/ibconsole/frmuDBRestore.pas *
Replaced unit "Windows" with "LCLIntf, LCLType, LMessages" in uses section.
Replaced call FileExists(lSaveDialog.FileName) with FileExistsUTF8(lSaveDialog.FileName) { *Converted from FileExists* }
Added unit FileUtil to uses section
* Converting file /tmp/ibconsole/frmuDispMemo.pas *
Replaced unit "Windows" with "LCLIntf, LCLType, LMessages" in uses section.
* Converting file /tmp/ibconsole/frmuModifyServerAlias.pas *
Replaced unit "Windows" with "LCLIntf, LCLType, LMessages" in uses section.
* Converting file /tmp/ibconsole/zluSQL.pas *
Fixed character case of unit "IBCustomDataset" to "IBCustomDataSet".
Fixed character case of unit "IBSql" to "IBSQL".
Replaced unit "Windows" with "LCLIntf, LCLType, LMessages" in uses section.
* Converting file /tmp/ibconsole/frmuDisplayBlob.pas *
Fixed character case of unit "IBCustomDataset" to "IBCustomDataSet".
Replaced unit "dbTables" with "sqldb" in uses section.
Replaced unit "Windows" with "LCLIntf, LCLType, LMessages" in uses section.
Removed unit "jpeg" in uses section.
* Converting file /tmp/ibconsole/frmuDlgClass.pas *
Replaced unit "Windows" with "LCLIntf, LCLType, LMessages" in uses section.
* Converting file /tmp/ibconsole/frmuObjectWindow.pas *
Fixed character case of unit "IBCustomDataset" to "IBCustomDataSet".
Replaced unit "Windows" with "LCLIntf, LCLType, LMessages" in uses section.
* Converting file /tmp/ibconsole/wisql.pas *
Fixed character case of unit "IBCustomDataset" to "IBCustomDataSet".
Replaced unit "Windows" with "LCLIntf, LCLType, LMessages" in uses section.
Replaced call FileExists(lSaveDialog.FileName) with FileExistsUTF8(lSaveDialog.FileName) { *Converted from FileExists* }
Added unit FileUtil to uses section
* Converting file /tmp/ibconsole/frmuTextViewer.pas *
Replaced unit "Windows" with "LCLIntf, LCLType, LMessages" in uses section.
Replaced call FileExists(loSaveDialog.FileName) with FileExistsUTF8(loSaveDialog.FileName) { *Converted from FileExists* }
Added unit FileUtil to uses section
* Converting file /tmp/ibconsole/frmuSQLOptions.pas *
Replaced unit "Windows" with "LCLIntf, LCLType, LMessages" in uses section.
* Converting file /tmp/ibconsole/frmuTools.pas *
Replaced unit "Windows" with "LCLIntf, LCLType, LMessages" in uses section.
* Converting file /tmp/ibconsole/frmuAddTool.pas *
Replaced unit "Windows" with "LCLIntf, LCLType, LMessages" in uses section.
* Converting file /tmp/ibconsole/frmuDescription.pas *
* Converting file /tmp/ibconsole/frmuWindowList.pas *
Replaced unit "Windows" with "LCLIntf, LCLType, LMessages" in uses section.
* Converting file /tmp/ibconsole/MemoLists.pas *
* Converting file /tmp/ibconsole/zluPersistent.pas *
Replaced unit "Windows" with "LCLIntf, LCLType, LMessages" in uses section.

*** Converting unit files found during conversion ***
* Converting file /tmp/ibconsole/IBExtract.pas *
Replaced unit "Windows" with "LCLIntf, LCLType, LMessages" in uses section.

*** Fixing used units and Repairing form files ***
* Repairing form file /tmp/ibconsole/frmuMain.lfm *
Removed property "AutoLineReduction".
Removed property "Items.Data".
Removed property "ParentColor".
Removed property "TextHeight".
Removed property "Scaled".
Removed property "OldCreateOrder".
* Fixing used units for file /tmp/ibconsole/frmuMain.pas *
* Repairing form file /tmp/ibconsole/frmuAbout.lfm *
Removed property "TextHeight".
Removed property "Scaled".
Removed property "OldCreateOrder".
Changed Top coord of TImage from "2" to "0" inside TPanel.
Changed Left coord of TImage from "2" to "0" inside TPanel.
* Fixing used units for file /tmp/ibconsole/frmuAbout.pas *
* Fixing used units for file /tmp/ibconsole/zluGlobal.pas *
* Repairing form file /tmp/ibconsole/frmuServerLogin.lfm *
Removed property "TextHeight".
Removed property "Scaled".
Removed property "OldCreateOrder".
* Fixing used units for file /tmp/ibconsole/frmuServerLogin.pas *
* Repairing form file /tmp/ibconsole/frmuUser.lfm *
Removed property "TextHeight".
Removed property "Scaled".
Removed property "OldCreateOrder".
Changed Top coord of TEdit from "84" to "70" inside TGroupBox.
Changed Left coord of TEdit from "114" to "112" inside TGroupBox.
Changed Top coord of TEdit from "54" to "40" inside TGroupBox.
Changed Left coord of TEdit from "114" to "112" inside TGroupBox.
Changed Top coord of TComboBox from "24" to "10" inside TGroupBox.
Changed Left coord of TComboBox from "114" to "112" inside TGroupBox.
Changed Top coord of TEdit from "24" to "10" inside TGroupBox.
Changed Left coord of TEdit from "114" to "112" inside TGroupBox.
Changed Top coord of TLabel from "24" to "10" inside TGroupBox.
Changed Left coord of TLabel from "12" to "10" inside TGroupBox.
Changed Top coord of TLabel from "84" to "70" inside TGroupBox.
Changed Left coord of TLabel from "12" to "10" inside TGroupBox.
Changed Top coord of TLabel from "54" to "40" inside TGroupBox.
Changed Left coord of TLabel from "12" to "10" inside TGroupBox.
Changed Top coord of TEdit from "54" to "40" inside TGroupBox.
Changed Left coord of TEdit from "114" to "112" inside TGroupBox.
Changed Top coord of TEdit from "24" to "10" inside TGroupBox.
Changed Left coord of TEdit from "114" to "112" inside TGroupBox.
Changed Top coord of TEdit from "84" to "70" inside TGroupBox.
Changed Left coord of TEdit from "114" to "112" inside TGroupBox.
Changed Top coord of TLabel from "84" to "70" inside TGroupBox.
Changed Left coord of TLabel from "12" to "10" inside TGroupBox.
Changed Top coord of TLabel from "54" to "40" inside TGroupBox.
Changed Left coord of TLabel from "12" to "10" inside TGroupBox.
Changed Top coord of TLabel from "24" to "10" inside TGroupBox.
Changed Left coord of TLabel from "12" to "10" inside TGroupBox.
* Fixing used units for file /tmp/ibconsole/frmuUser.pas *
* Repairing form file /tmp/ibconsole/dmuMain.lfm *
* Fixing used units for file /tmp/ibconsole/dmuMain.pas *
* Repairing form file /tmp/ibconsole/frmuServerRegister.lfm *
Removed property "TextHeight".
Removed property "Scaled".
Removed property "OldCreateOrder".
Changed Top coord of TEdit from "54" to "40" inside TGroupBox.
Changed Left coord of TEdit from "92" to "90" inside TGroupBox.
Changed Top coord of TEdit from "24" to "10" inside TGroupBox.
Changed Left coord of TEdit from "92" to "90" inside TGroupBox.
Changed Top coord of TLabel from "54" to "40" inside TGroupBox.
Changed Left coord of TLabel from "12" to "10" inside TGroupBox.
Changed Top coord of TLabel from "24" to "10" inside TGroupBox.
Changed Left coord of TLabel from "12" to "10" inside TGroupBox.
Changed Top coord of TEdit from "172" to "158" inside TGroupBox.
Changed Left coord of TEdit from "12" to "10" inside TGroupBox.
Changed Top coord of TCheckBox from "203" to "189" inside TGroupBox.
Changed Left coord of TCheckBox from "11" to "9" inside TGroupBox.
Changed Top coord of TEdit from "126" to "112" inside TGroupBox.
Changed Left coord of TEdit from "12" to "10" inside TGroupBox.
Changed Top coord of TRadioButton from "30" to "16" inside TGroupBox.
Changed Left coord of TRadioButton from "144" to "142" inside TGroupBox.
Changed Top coord of TRadioButton from "30" to "16" inside TGroupBox.
Changed Left coord of TRadioButton from "30" to "28" inside TGroupBox.
Changed Top coord of TEdit from "78" to "64" inside TGroupBox.
Changed Left coord of TEdit from "12" to "10" inside TGroupBox.
Changed Top coord of TComboBox from "78" to "64" inside TGroupBox.
Changed Left coord of TComboBox from "177" to "175" inside TGroupBox.
Changed Top coord of TLabel from "156" to "142" inside TGroupBox.
Changed Left coord of TLabel from "12" to "10" inside TGroupBox.
Changed Top coord of TLabel from "108" to "94" inside TGroupBox.
Changed Left coord of TLabel from "12" to "10" inside TGroupBox.
Changed Top coord of TLabel from "60" to "46" inside TGroupBox.
Changed Left coord of TLabel from "177" to "175" inside TGroupBox.
Changed Top coord of TLabel from "60" to "46" inside TGroupBox.
Changed Left coord of TLabel from "12" to "10" inside TGroupBox.
* Fixing used units for file /tmp/ibconsole/frmuServerRegister.pas *
* Fixing used units for file /tmp/ibconsole/zluibcClasses.pas *
* Repairing form file /tmp/ibconsole/frmuDBRegister.lfm *
Removed property "TextHeight".
Removed property "Scaled".
Removed property "OldCreateOrder".
Changed Top coord of TComboBox from "156" to "142" inside TGroupBox.
Changed Left coord of TComboBox from "128" to "126" inside TGroupBox.
Changed Top coord of TCheckBox from "135" to "121" inside TGroupBox.
Changed Left coord of TCheckBox from "99" to "97" inside TGroupBox.
Changed Top coord of TEdit from "103" to "89" inside TGroupBox.
Changed Left coord of TEdit from "128" to "126" inside TGroupBox.
Changed Top coord of TEdit from "66" to "52" inside TGroupBox.
Changed Left coord of TEdit from "128" to "126" inside TGroupBox.
Changed Top coord of TEdit from "30" to "16" inside TGroupBox.
Changed Left coord of TEdit from "128" to "126" inside TGroupBox.
Changed Top coord of TLabel from "163" to "149" inside TGroupBox.
Changed Left coord of TLabel from "14" to "12" inside TGroupBox.
Changed Top coord of TLabel from "107" to "93" inside TGroupBox.
Changed Left coord of TLabel from "15" to "13" inside TGroupBox.
Changed Top coord of TLabel from "70" to "56" inside TGroupBox.
Changed Left coord of TLabel from "15" to "13" inside TGroupBox.
Changed Top coord of TLabel from "34" to "20" inside TGroupBox.
Changed Left coord of TLabel from "15" to "13" inside TGroupBox.
Changed Top coord of TCheckBox from "141" to "127" inside TGroupBox.
Changed Left coord of TCheckBox from "15" to "13" inside TGroupBox.
Changed Top coord of TEdit from "111" to "97" inside TGroupBox.
Changed Left coord of TEdit from "15" to "13" inside TGroupBox.
Changed Top coord of TEdit from "52" to "38" inside TGroupBox.
Changed Left coord of TEdit from "14" to "12" inside TGroupBox.
Changed Top coord of TButton from "52" to "38" inside TGroupBox.
Changed Left coord of TButton from "325" to "323" inside TGroupBox.
Changed Top coord of TLabel from "30" to "16" inside TGroupBox.
Changed Left coord of TLabel from "15" to "13" inside TGroupBox.
Changed Top coord of TLabel from "89" to "75" inside TGroupBox.
Changed Left coord of TLabel from "15" to "13" inside TGroupBox.
* Fixing used units for file /tmp/ibconsole/frmuDBRegister.pas *
* Repairing form file /tmp/ibconsole/frmuSplash.lfm *
Removed property "TextHeight".
Removed property "Scaled".
Removed property "OldCreateOrder".
* Fixing used units for file /tmp/ibconsole/frmuSplash.pas *
* Repairing form file /tmp/ibconsole/frmuMessage.lfm *
Removed property "TextHeight".
Removed property "Scaled".
Removed property "OldCreateOrder".
* Fixing used units for file /tmp/ibconsole/frmuMessage.pas *
* Fixing used units for file /tmp/ibconsole/zluUtility.pas *
* Repairing form file /tmp/ibconsole/frmuDBConnect.lfm *
Removed property "TextHeight".
Removed property "Scaled".
Removed property "OldCreateOrder".
* Fixing used units for file /tmp/ibconsole/frmuDBConnect.pas *
* Repairing form file /tmp/ibconsole/frmuDBBackup.lfm *
Removed property "TextHeight".
Removed property "Scaled".
Removed property "OldCreateOrder".
Changed Top coord of TComboBox from "54" to "40" inside TGroupBox.
Changed Left coord of TComboBox from "60" to "58" inside TGroupBox.
Changed Top coord of TComboBox from "24" to "10" inside TGroupBox.
Changed Left coord of TComboBox from "60" to "58" inside TGroupBox.
Changed Top coord of TStringGrid from "89" to "75" inside TGroupBox.
Changed Left coord of TStringGrid from "12" to "10" inside TGroupBox.
Changed Top coord of TLabel from "54" to "40" inside TGroupBox.
Changed Left coord of TLabel from "12" to "10" inside TGroupBox.
Changed Top coord of TLabel from "24" to "10" inside TGroupBox.
Changed Left coord of TLabel from "12" to "10" inside TGroupBox.
Changed Top coord of TComboBox from "48" to "34" inside TGroupBox.
Changed Left coord of TComboBox from "54" to "52" inside TGroupBox.
Changed Top coord of TStaticText from "24" to "10" inside TGroupBox.
Changed Left coord of TStaticText from "58" to "56" inside TGroupBox.
Changed Top coord of TLabel from "48" to "34" inside TGroupBox.
Changed Left coord of TLabel from "12" to "10" inside TGroupBox.
Changed Top coord of TLabel from "24" to "10" inside TGroupBox.
Changed Left coord of TLabel from "12" to "10" inside TGroupBox.
* Fixing used units for file /tmp/ibconsole/frmuDBBackup.pas *
* Repairing form file /tmp/ibconsole/frmuServerProperties.lfm *
Removed property "TextHeight".
Removed property "Scaled".
Removed property "OldCreateOrder".
* Fixing used units for file /tmp/ibconsole/frmuServerProperties.pas *
* Repairing form file /tmp/ibconsole/frmuDBProperties.lfm *
Removed property "TextHeight".
Removed property "Scaled".
Removed property "OldCreateOrder".
Changed Top coord of TStaticText from "155" to "141" inside TGroupBox.
Changed Left coord of TStaticText from "325" to "323" inside TGroupBox.
Changed Top coord of TStaticText from "155" to "141" inside TGroupBox.
Changed Left coord of TStaticText from "140" to "138" inside TGroupBox.
Changed Top coord of TStaticText from "22" to "8" inside TGroupBox.
Changed Left coord of TStaticText from "66" to "64" inside TGroupBox.
Changed Top coord of TListView from "52" to "38" inside TGroupBox.
Changed Left coord of TListView from "15" to "13" inside TGroupBox.
Changed Top coord of TLabel from "155" to "141" inside TGroupBox.
Changed Left coord of TLabel from "258" to "256" inside TGroupBox.
Changed Top coord of TLabel from "155" to "141" inside TGroupBox.
Changed Left coord of TLabel from "15" to "13" inside TGroupBox.
Changed Top coord of TLabel from "22" to "8" inside TGroupBox.
Changed Left coord of TLabel from "15" to "13" inside TGroupBox.
* Fixing used units for file /tmp/ibconsole/frmuDBProperties.pas *
* Repairing form file /tmp/ibconsole/frmuBackupAliasProperties.lfm *
Removed property "TextHeight".
Removed property "Scaled".
Removed property "OldCreateOrder".
* Fixing used units for file /tmp/ibconsole/frmuBackupAliasProperties.pas *
* Repairing form file /tmp/ibconsole/frmuDBCreate.lfm *
Removed property "TextHeight".
Removed property "Scaled".
Removed property "OldCreateOrder".
* Fixing used units for file /tmp/ibconsole/frmuDBCreate.pas *
* Fixing used units for file /tmp/ibconsole/zluContextHelp.pas *
* Fixing used units for file /tmp/ibconsole/zluCommDiag.pas *
* Repairing form file /tmp/ibconsole/frmuCommDiag.lfm *
Removed property "TextHeight".
Removed property "Scaled".
Removed property "OldCreateOrder".
Changed Top coord of TButton from "6" to "4" inside TPanel.
Changed Left coord of TButton from "261" to "259" inside TPanel.
Changed Top coord of TButton from "6" to "4" inside TPanel.
Changed Left coord of TButton from "183" to "181" inside TPanel.
Changed Top coord of TComboBox from "24" to "10" inside TGroupBox.
Changed Left coord of TComboBox from "121" to "119" inside TGroupBox.
Changed Top coord of TLabel from "24" to "10" inside TGroupBox.
Changed Left coord of TLabel from "12" to "10" inside TGroupBox.
Changed Top coord of TComboBox from "24" to "10" inside TGroupBox.
Changed Left coord of TComboBox from "121" to "119" inside TGroupBox.
Changed Top coord of TLabel from "24" to "10" inside TGroupBox.
Changed Left coord of TLabel from "12" to "10" inside TGroupBox.
Changed Top coord of TComboBox from "37" to "23" inside TGroupBox.
Changed Left coord of TComboBox from "12" to "10" inside TGroupBox.
Changed Top coord of TComboBox from "36" to "22" inside TGroupBox.
Changed Left coord of TComboBox from "220" to "218" inside TGroupBox.
Changed Top coord of TLabel from "18" to "4" inside TGroupBox.
Changed Left coord of TLabel from "220" to "218" inside TGroupBox.
Changed Top coord of TLabel from "18" to "4" inside TGroupBox.
Changed Left coord of TLabel from "12" to "10" inside TGroupBox.
Changed Top coord of TComboBox from "66" to "52" inside TGroupBox.
Changed Left coord of TComboBox from "13" to "11" inside TGroupBox.
Changed Top coord of TRadioButton from "24" to "10" inside TGroupBox.
Changed Left coord of TRadioButton from "166" to "164" inside TGroupBox.
Changed Top coord of TRadioButton from "24" to "10" inside TGroupBox.
Changed Left coord of TRadioButton from "36" to "34" inside TGroupBox.
Changed Top coord of TComboBox from "66" to "52" inside TGroupBox.
Changed Left coord of TComboBox from "174" to "172" inside TGroupBox.
Changed Top coord of TLabel from "48" to "34" inside TGroupBox.
Changed Left coord of TLabel from "174" to "172" inside TGroupBox.
Changed Top coord of TLabel from "48" to "34" inside TGroupBox.
Changed Left coord of TLabel from "12" to "10" inside TGroupBox.
Changed Top coord of TEdit from "24" to "10" inside TGroupBox.
Changed Left coord of TEdit from "91" to "89" inside TGroupBox.
Changed Top coord of TEdit from "84" to "70" inside TGroupBox.
Changed Left coord of TEdit from "91" to "89" inside TGroupBox.
Changed Top coord of TEdit from "54" to "40" inside TGroupBox.
Changed Left coord of TEdit from "91" to "89" inside TGroupBox.
Changed Top coord of TButton from "24" to "10" inside TGroupBox.
Changed Left coord of TButton from "271" to "269" inside TGroupBox.
Changed Top coord of TLabel from "84" to "70" inside TGroupBox.
Changed Left coord of TLabel from "12" to "10" inside TGroupBox.
Changed Top coord of TLabel from "54" to "40" inside TGroupBox.
Changed Left coord of TLabel from "12" to "10" inside TGroupBox.
Changed Top coord of TLabel from "24" to "10" inside TGroupBox.
Changed Left coord of TLabel from "12" to "10" inside TGroupBox.
* Fixing used units for file /tmp/ibconsole/frmuCommDiag.pas *
* Repairing form file /tmp/ibconsole/frmuDBConnections.lfm *
Removed property "TextHeight".
Removed property "Scaled".
Removed property "OldCreateOrder".
* Fixing used units for file /tmp/ibconsole/frmuDBConnections.pas *
* Repairing form file /tmp/ibconsole/frmuDBShutdown.lfm *
Removed property "TextHeight".
Removed property "Scaled".
Removed property "OldCreateOrder".
* Fixing used units for file /tmp/ibconsole/frmuDBShutdown.pas *
* Repairing form file /tmp/ibconsole/frmuDBStatistics.lfm *
Removed property "TextHeight".
Removed property "Scaled".
Removed property "OldCreateOrder".
* Fixing used units for file /tmp/ibconsole/frmuDBStatistics.pas *
* Repairing form file /tmp/ibconsole/frmuDBValidationReport.lfm *
Removed property "TextHeight".
Removed property "Scaled".
Removed property "OldCreateOrder".
* Fixing used units for file /tmp/ibconsole/frmuDBValidationReport.pas *
* Repairing form file /tmp/ibconsole/frmuDBTransactions.lfm *
Removed property "TextHeight".
Removed property "Scaled".
Removed property "OldCreateOrder".
* Fixing used units for file /tmp/ibconsole/frmuDBTransactions.pas *
* Repairing form file /tmp/ibconsole/frmuDBValidation.lfm *
Removed property "TextHeight".
Removed property "Scaled".
Removed property "OldCreateOrder".
* Fixing used units for file /tmp/ibconsole/frmuDBValidation.pas *
* Repairing form file /tmp/ibconsole/frmuDBRestore.lfm *
Removed property "TextHeight".
Removed property "Scaled".
Removed property "OldCreateOrder".
Changed Top coord of TComboBox from "48" to "34" inside TGroupBox.
Changed Left coord of TComboBox from "54" to "52" inside TGroupBox.
Changed Top coord of TStringGrid from "78" to "64" inside TGroupBox.
Changed Left coord of TStringGrid from "12" to "10" inside TGroupBox.
Changed Top coord of TStaticText from "24" to "10" inside TGroupBox.
Changed Left coord of TStaticText from "54" to "52" inside TGroupBox.
Changed Top coord of TLabel from "48" to "34" inside TGroupBox.
Changed Left coord of TLabel from "12" to "10" inside TGroupBox.
Changed Top coord of TLabel from "24" to "10" inside TGroupBox.
Changed Left coord of TLabel from "12" to "10" inside TGroupBox.
Changed Top coord of TComboBox from "48" to "34" inside TGroupBox.
Changed Left coord of TComboBox from "59" to "57" inside TGroupBox.
Changed Top coord of TComboBox from "24" to "10" inside TGroupBox.
Changed Left coord of TComboBox from "59" to "57" inside TGroupBox.
Changed Top coord of TStringGrid from "78" to "64" inside TGroupBox.
Changed Left coord of TStringGrid from "12" to "10" inside TGroupBox.
Changed Top coord of TLabel from "48" to "34" inside TGroupBox.
Changed Left coord of TLabel from "12" to "10" inside TGroupBox.
Changed Top coord of TLabel from "24" to "10" inside TGroupBox.
Changed Left coord of TLabel from "12" to "10" inside TGroupBox.
* Fixing used units for file /tmp/ibconsole/frmuDBRestore.pas *
* Repairing form file /tmp/ibconsole/frmuDispMemo.lfm *
Removed property "TextHeight".
Removed property "Scaled".
Removed property "OldCreateOrder".
* Fixing used units for file /tmp/ibconsole/frmuDispMemo.pas *
* Repairing form file /tmp/ibconsole/frmuModifyServerAlias.lfm *
Removed property "TextHeight".
Removed property "Scaled".
Removed property "OldCreateOrder".
* Fixing used units for file /tmp/ibconsole/frmuModifyServerAlias.pas *
* Fixing used units for file /tmp/ibconsole/zluSQL.pas *
* Repairing form file /tmp/ibconsole/frmuDisplayBlob.lfm *
Removed property "TextHeight".
Removed property "Scaled".
Removed property "OldCreateOrder".
* Fixing used units for file /tmp/ibconsole/frmuDisplayBlob.pas *
* Repairing form file /tmp/ibconsole/frmuDlgClass.lfm *
Removed property "TextHeight".
Removed property "Scaled".
Removed property "OldCreateOrder".
* Fixing used units for file /tmp/ibconsole/frmuDlgClass.pas *
* Repairing form file /tmp/ibconsole/frmuObjectWindow.lfm *
Removed property "HotTrack".
Removed property "TextHeight".
Removed property "Scaled".
Removed property "OldCreateOrder".
Changed Top coord of TTreeView from "0" to "0" inside TPanel.
Changed Left coord of TTreeView from "0" to "0" inside TPanel.
Changed Top coord of TTreeView from "0" to "0" inside TPanel.
Changed Left coord of TTreeView from "0" to "0" inside TPanel.
Changed Top coord of TRadioButton from "12" to "10" inside TPanel.
Changed Left coord of TRadioButton from "375" to "373" inside TPanel.
Changed Top coord of TRadioButton from "12" to "10" inside TPanel.
Changed Left coord of TRadioButton from "32" to "30" inside TPanel.
Changed Top coord of TSpeedButton from "2" to "0" inside TPanel.
Changed Left coord of TSpeedButton from "4" to "2" inside TPanel.
Changed Top coord of TPanel from "0" to "0" inside TPanel.
Changed Left coord of TPanel from "502" to "500" inside TPanel.
Changed Top coord of TDBNavigator from "0" to "0" inside TPanel.
Changed Left coord of TDBNavigator from "0" to "0" inside TPanel.
Changed Top coord of TLabel from "20" to "18" inside TPanel.
Changed Left coord of TLabel from "59" to "57" inside TPanel.
Changed Top coord of TImage from "9" to "7" inside TPanel.
Changed Left coord of TImage from "18" to "16" inside TPanel.
Changed Top coord of TCheckBox from "3" to "1" inside TPanel.
Changed Left coord of TCheckBox from "4" to "2" inside TPanel.
Changed Top coord of TEdit from "26" to "24" inside TPanel.
Changed Left coord of TEdit from "20" to "18" inside TPanel.
Changed Top coord of TEdit from "84" to "82" inside TPanel.
Changed Left coord of TEdit from "20" to "18" inside TPanel.
Changed Top coord of TEdit from "135" to "133" inside TPanel.
Changed Left coord of TEdit from "20" to "18" inside TPanel.
Changed Top coord of TLabel from "116" to "114" inside TPanel.
Changed Left coord of TLabel from "10" to "8" inside TPanel.
Changed Top coord of TLabel from "62" to "60" inside TPanel.
Changed Left coord of TLabel from "10" to "8" inside TPanel.
Changed Top coord of TLabel from "6" to "4" inside TPanel.
Changed Left coord of TLabel from "10" to "8" inside TPanel.
* Fixing used units for file /tmp/ibconsole/frmuObjectWindow.pas *
* Repairing form file /tmp/ibconsole/wisql.lfm *
Removed property "TextHeight".
Removed property "Scaled".
Removed property "OldCreateOrder".
Changed Top coord of TStatusBar from "133" to "131" inside TPanel.
Changed Left coord of TStatusBar from "0" to "0" inside TPanel.
Changed Top coord of TRichEdit from "0" to "0" inside TPanel.
Changed Left coord of TRichEdit from "0" to "0" inside TPanel.
* Fixing used units for file /tmp/ibconsole/wisql.pas *
* Repairing form file /tmp/ibconsole/frmuTextViewer.lfm *
Removed property "TextHeight".
Removed property "Scaled".
Removed property "OldCreateOrder".
* Fixing used units for file /tmp/ibconsole/frmuTextViewer.pas *
* Repairing form file /tmp/ibconsole/frmuSQLOptions.lfm *
Removed property "TextHeight".
Removed property "OldCreateOrder".
Changed Top coord of TMemo from "93" to "79" inside TGroupBox.
Changed Left coord of TMemo from "20" to "18" inside TGroupBox.
Changed Top coord of TCheckBox from "45" to "31" inside TGroupBox.
Changed Left coord of TCheckBox from "7" to "5" inside TGroupBox.
Changed Top coord of TCheckBox from "21" to "7" inside TGroupBox.
Changed Left coord of TCheckBox from "7" to "5" inside TGroupBox.
Changed Top coord of TLabel from "79" to "65" inside TGroupBox.
Changed Left coord of TLabel from "10" to "8" inside TGroupBox.
* Fixing used units for file /tmp/ibconsole/frmuSQLOptions.pas *
* Repairing form file /tmp/ibconsole/frmuTools.lfm *
Removed property "TextHeight".
Removed property "OldCreateOrder".
* Fixing used units for file /tmp/ibconsole/frmuTools.pas *
* Repairing form file /tmp/ibconsole/frmuAddTool.lfm *
Removed property "TextHeight".
Removed property "OldCreateOrder".
* Fixing used units for file /tmp/ibconsole/frmuAddTool.pas *
* Repairing form file /tmp/ibconsole/frmuDescription.lfm *
Replaced type "TRichEdit" with "TMemo".
Removed property "TextHeight".
Removed property "OldCreateOrder".
* Fixing used units for file /tmp/ibconsole/frmuDescription.pas *
* Repairing form file /tmp/ibconsole/frmuWindowList.lfm *
Removed property "TextHeight".
Removed property "OldCreateOrder".
* Fixing used units for file /tmp/ibconsole/frmuWindowList.pas *
* Fixing used units for file /tmp/ibconsole/MemoLists.pas *
* Fixing used units for file /tmp/ibconsole/zluPersistent.pas *
* Fixing used units for file /tmp/ibconsole/IBExtract.pas *
Conversion took: 00:01:09
Conversion Ready.
